[debug] [2022-11-21T19:12:37.905Z] ----------------------------------------------------------------------
[debug] [2022-11-21T19:12:37.908Z] Command:       C:\Program Files\nodejs\node.exe C:\Users\ASUS\AppData\Roaming\npm\node_modules\firebase-tools\lib\bin\firebase.js init
[debug] [2022-11-21T19:12:37.908Z] CLI Version:   10.9.2
[debug] [2022-11-21T19:12:37.908Z] Platform:      win32
[debug] [2022-11-21T19:12:37.908Z] Node Version:  v14.17.1
[debug] [2022-11-21T19:12:37.915Z] Time:          Tue Nov 22 2022 01:12:37 GMT+0600 (Bangladesh Standard Time)
[debug] [2022-11-21T19:12:37.915Z] ----------------------------------------------------------------------
[debug] 
[debug] [2022-11-21T19:12:37.918Z] >>> [apiv2][query] GET https://firebase-public.firebaseio.com/cli.json [none]
[debug] [2022-11-21T19:12:37.943Z] > command requires scopes: ["email","openid","https://www.googleapis.com/auth/cloudplatformprojects.readonly","https://www.googleapis.com/auth/firebase","https://www.googleapis.com/auth/cloud-platform"]
[debug] [2022-11-21T19:12:37.943Z] > authorizing via signed-in user (ishratjahan22222@gmail.com)
[info] 
     ######## #### ########  ######## ########     ###     ######  ########
     ##        ##  ##     ## ##       ##     ##  ##   ##  ##       ##
     ######    ##  ########  ######   ########  #########  ######  ######
     ##        ##  ##    ##  ##       ##     ## ##     ##       ## ##
     ##       #### ##     ## ######## ########  ##     ##  ######  ########

You're about to initialize a Firebase project in this directory:

  C:\project2\milestone11\Assingment11\app-clint-side

Before we get started, keep in mind:

  * You are currently outside your home directory

